
 Ansys Mechanical Enterprise Academic Student      


 *------------------------------------------------------------------*
 |                                                                  |
 |   W E L C O M E   T O   T H E   A N S Y S (R)  P R O G R A M     |
 |                                                                  |
 *------------------------------------------------------------------*




 ***************************************************************
 *         ANSYS MAPDL 2023 R1          LEGAL NOTICES          *
 ***************************************************************
 *                                                             *
 * Copyright 1971-2023 Ansys, Inc.  All rights reserved.       *
 * Unauthorized use, distribution or duplication is            *
 * prohibited.                                                 *
 *                                                             *
 * Ansys is a registered trademark of Ansys, Inc. or its       *
 * subsidiaries in the United States or other countries.       *
 * See the Ansys, Inc. online documentation or the Ansys, Inc. *
 * documentation CD or online help for the complete Legal      *
 * Notice.                                                     *
 *                                                             *
 ***************************************************************
 *                                                             *
 * THIS ANSYS SOFTWARE PRODUCT AND PROGRAM DOCUMENTATION       *
 * INCLUDE TRADE SECRETS AND CONFIDENTIAL AND PROPRIETARY      *
 * PRODUCTS OF ANSYS, INC., ITS SUBSIDIARIES, OR LICENSORS.    *
 * The software products and documentation are furnished by    *
 * Ansys, Inc. or its subsidiaries under a software license    *
 * agreement that contains provisions concerning               *
 * non-disclosure, copying, length and nature of use,          *
 * compliance with exporting laws, warranties, disclaimers,    *
 * limitations of liability, and remedies, and other           *
 * provisions.  The software products and documentation may be *
 * used, disclosed, transferred, or copied only in accordance  *
 * with the terms and conditions of that software license      *
 * agreement.                                                  *
 *                                                             *
 * Ansys, Inc. is a UL registered                              *
 * ISO 9001:2015 company.                                      *
 *                                                             *
 ***************************************************************
 *                                                             *
 * This product is subject to U.S. laws governing export and   *
 * re-export.                                                  *
 *                                                             *
 * For U.S. Government users, except as specifically granted   *
 * by the Ansys, Inc. software license agreement, the use,     *
 * duplication, or disclosure by the United States Government  *
 * is subject to restrictions stated in the Ansys, Inc.        *
 * software license agreement and FAR 12.212 (for non-DOD      *
 * licenses).                                                  *
 *                                                             *
 ***************************************************************

 2023 R1 
     
 Point Releases and Patches installed:   
     
 Discovery 2023 R1   
 Autodyn 2023 R1 
 SpaceClaim 2023 R1  
 CFX (includes CFD-Post) 2023 R1 
 Chemkin 2023 R1 
 EnSight 2023 R1 
 FENSAP-ICE 2023 R1  
 Fluent (includes CFD-Post) 2023 R1  
 Polyflow (includes CFD-Post) 2023 R1
 Forte (includes EnSight) 2023 R1
 TurboGrid 2023 R1   
 Aqwa 2023 R1
 Speos 2023 R1   
 Mechanical Products 2023 R1 
 Material Calibration App 2023 R1
 ACIS Geometry Interface 2023 R1 
 AutoCAD Geometry Interface 2023 R1  
 Catia, Version 4 Geometry Interface 2023 R1 
 Catia, Version 5 Geometry Interface 2023 R1 
 Catia, Version 6 Geometry Interface 2023 R1 
 Creo Elements/Direct Modeling Geometry Interface 2023 R1
 Creo Parametric Geometry Interface 2023 R1  
 Inventor Geometry Interface 2023 R1 
 JTOpen Geometry Interface 2023 R1   
 NX Geometry Interface 2023 R1   
 Parasolid Geometry Interface  2023 R1   
 Solid Edge Geometry Interface 2023 R1   
 SOLIDWORKS Geometry Interface 2023 R1   
 Academic Student 2023 R1


          *****  MAPDL COMMAND LINE ARGUMENTS  *****
  BATCH MODE REQUESTED (-b)    = NOLIST
  INPUT FILE COPY MODE (-c)    = COPY
  DISTRIBUTED MEMORY PARALLEL REQUESTED
       2 PARALLEL PROCESSES REQUESTED WITH SINGLE THREAD PER PROCESS
    TOTAL OF     2 CORES REQUESTED
  INPUT FILE NAME              = C:\Users\simon\Desktop\Test Ansys - Copia\_ProjectScratch\Scr6026\dummy.dat
  OUTPUT FILE NAME             = C:\Users\simon\Desktop\Test Ansys - Copia\_ProjectScratch\Scr6026\solve.out
  START-UP FILE MODE           = NOREAD
  STOP FILE MODE               = NOREAD

 RELEASE= 2023 R1              BUILD= 23.1      UP20221128   VERSION=WINDOWS x64 
 CURRENT JOBNAME=file0  17:58:09  MAY 15, 2023 CP=      0.094


 PARAMETER _DS_PROGRESS =     999.0000000    

 /INPUT FILE= ds.dat  LINE=       0



 *** NOTE ***                            CP =       0.250   TIME= 17:58:10
 The /CONFIG,NOELDB command is not valid in a distributed memory         
 parallel solution.  Command is ignored.                                 

 *GET  _WALLSTRT  FROM  ACTI  ITEM=TIME WALL  VALUE=  17.9694444    

 TITLE= 
 test--Modal (E5)                                                              

  ACT Extensions:
      PiezoAndMEMS, 2020.1
      0cd64874-101b-4182-aef8-530cf9982bb6, wbex
 /COM,     LSDYNA, 2023.1
      5f463412-bd3e-484b-87e7-cbc0a665e474, wbex
 /COM,     ANSYSMotion, 2023.1
      20180725-3f81-49eb-9f31-41364844c769, wbex
  

 SET PARAMETER DIMENSIONS ON  _WB_PROJECTSCRATCH_DIR
  TYPE=STRI  DIMENSIONS=      248        1        1

 PARAMETER _WB_PROJECTSCRATCH_DIR(1) = C:\Users\simon\Desktop\Test Ansys - Copia\_ProjectScratch\Scr6026\

 SET PARAMETER DIMENSIONS ON  _WB_SOLVERFILES_DIR
  TYPE=STRI  DIMENSIONS=      248        1        1

 PARAMETER _WB_SOLVERFILES_DIR(1) = C:\Users\simon\Desktop\Test Ansys - Copia\test_files\dp0\SYS-8\MECH\

 SET PARAMETER DIMENSIONS ON  _WB_USERFILES_DIR
  TYPE=STRI  DIMENSIONS=      248        1        1

 PARAMETER _WB_USERFILES_DIR(1) = C:\Users\simon\Desktop\Test Ansys - Copia\test_files\user_files\
 --- Data in consistent MKS units. See Solving Units in the help system for more

 MKS UNITS SPECIFIED FOR INTERNAL    
  LENGTH        (l)  = METER (M)
  MASS          (M)  = KILOGRAM (KG)
  TIME          (t)  = SECOND (SEC)
  TEMPERATURE   (T)  = CELSIUS (C)
  TOFFSET            = 273.0
  CHARGE        (Q)  = COULOMB
  FORCE         (f)  = NEWTON (N) (KG-M/SEC2)
  HEAT               = JOULE (N-M)

  PRESSURE           = PASCAL (NEWTON/M**2)
  ENERGY        (W)  = JOULE (N-M)
  POWER         (P)  = WATT (N-M/SEC)
  CURRENT       (i)  = AMPERE (COULOMBS/SEC)
  CAPACITANCE   (C)  = FARAD
  INDUCTANCE    (L)  = HENRY
  MAGNETIC FLUX      = WEBER
  RESISTANCE    (R)  = OHM
  ELECTRIC POTENTIAL = VOLT

 INPUT  UNITS ARE ALSO SET TO MKS 

 *** MAPDL - ENGINEERING ANALYSIS SYSTEM  RELEASE 2023 R1          23.1     ***
 Ansys Mechanical Enterprise Academic Student      
 01055371  VERSION=WINDOWS x64   17:58:10  MAY 15, 2023 CP=      0.266

 test--Modal (E5)                                                              



          ***** MAPDL ANALYSIS DEFINITION (PREP7) *****
 *********** Nodes for the whole assembly ***********
 *********** Elements for Body 1 "Surface Body" ***********
 *********** Elements for Body 2 "Surface Body" ***********
 *********** Elements for Body 3 "Surface Body" ***********
 *********** Elements for Body 4 "Surface Body" ***********
 *********** Elements for Body 5 "Surface Body" ***********
 *********** Elements for Body 6 "Surface Body" ***********
 *********** Send User Defined Coordinate System(s) ***********
 *********** Set Reference Temperature ***********
 *********** Send Materials ***********
 *********** Send Sheet Properties ***********
 *********** Create Contact "Contact Region 3" ***********
             Real Constant Set For Above Contact Is 8 & 7
 *********** Create Contact "Contact Region 4" ***********
             Real Constant Set For Above Contact Is 10 & 9
 *********** Create Contact "Contact Region 5" ***********
             Real Constant Set For Above Contact Is 12 & 11
 *********** Create Contact "Contact Region 6" ***********
             Real Constant Set For Above Contact Is 14 & 13
 *********** Create Contact "Contact Region 7" ***********
             Real Constant Set For Above Contact Is 16 & 15
 *********** Send Named Selection as Node Component ***********


 ***** ROUTINE COMPLETED *****  CP =         0.297


 --- Number of total nodes = 1350
 --- Number of contact elements = 108
 --- Number of spring elements = 0
 --- Number of bearing elements = 0
 --- Number of solid elements = 378
 --- Number of condensed parts = 0
 --- Number of total elements = 486

 *GET  _WALLBSOL  FROM  ACTI  ITEM=TIME WALL  VALUE=  17.9694444    

 *****  MAPDL SOLUTION ROUTINE  *****


 PERFORM A MODAL ANALYSIS
  THIS WILL BE A NEW ANALYSIS

 PARAMETER _THICKRATIO =     0.000000000    


 USE SYM. BLOCK LANCZOS MODE EXTRACTION METHOD
  EXTRACT     6 MODES
  EXTRACT FREQUENCIES IN THE RANGE   1.0000     TO  0.10000E+09
  NORMALIZE THE MODE SHAPES TO THE MASS MATRIX

 ERASE THE CURRENT DATABASE OUTPUT CONTROL TABLE.


 WRITE ALL  ITEMS TO THE DATABASE WITH A FREQUENCY OF NONE
   FOR ALL APPLICABLE ENTITIES

 WRITE NSOL ITEMS TO THE DATABASE WITH A FREQUENCY OF ALL 
   FOR ALL APPLICABLE ENTITIES


 EXPAND ALL EXTRACTED MODES
  DO NOT CALCULATE ELEMENT RESULTS

 DO NOT COMBINE ELEMENT SAVE DATA FILES (.esav) AFTER DISTRIBUTED PARALLEL SOLUTION

 DO NOT COMBINE ELEMENT MATRIX FILES (.emat) AFTER DISTRIBUTED PARALLEL SOLUTION

 DO NOT COMBINE ASSEMBLED MATRIX FILES (.full) AFTER DISTRIBUTED PARALLEL SOLUTION
  
 ***********  Piezoelectric Body1 ***********
  
 CMBLOCK read of NODE component PIEZOELECTRICBODY1  completed

 FINISH SOLUTION PROCESSING


 ***** ROUTINE COMPLETED *****  CP =         0.297



 *** MAPDL - ENGINEERING ANALYSIS SYSTEM  RELEASE 2023 R1          23.1     ***
 Ansys Mechanical Enterprise Academic Student      
 01055371  VERSION=WINDOWS x64   17:58:10  MAY 15, 2023 CP=      0.297

 test--Modal (E5)                                                              



          ***** MAPDL ANALYSIS DEFINITION (PREP7) *****

 SELECT      COMPONENT PIEZOELECTRICBODY1                                                                                                                                                                                                                                              

 SELECT      ONLY ELEMENTS COMPLETELY CONTAINED WITHIN NODE SET.

         36 ELEMENTS (OF        486  DEFINED) SELECTED FROM
       53 SELECTED NODES BY  ESLN COMMAND.

 RESELECT     FOR ITEM=ENAM COMPONENT=    
  IN RANGE       185 TO        185 STEP          1

          0  ELEMENTS (OF        486  DEFINED) SELECTED BY  ESEL  COMMAND.

 *GET  INUM185   FROM  ELEM  ITEM=COUN           VALUE=  0.00000000    

 *IF  iNum185                           ( =   0.00000     )  GT  
      0                                 ( =   0.00000     )  THEN    

 *ENDIF

 SELECT      COMPONENT PIEZOELECTRICBODY1                                                                                                                                                                                                                                              

 SELECT      ONLY ELEMENTS COMPLETELY CONTAINED WITHIN NODE SET.

         36 ELEMENTS (OF        486  DEFINED) SELECTED FROM
       53 SELECTED NODES BY  ESLN COMMAND.

 RESELECT     FOR ITEM=ENAM COMPONENT=    
  IN RANGE       186 TO        186 STEP          1

          0  ELEMENTS (OF        486  DEFINED) SELECTED BY  ESEL  COMMAND.

 *GET  INUM186   FROM  ELEM  ITEM=COUN           VALUE=  0.00000000    

 *IF  iNum186                           ( =   0.00000     )  GT  
      0                                 ( =   0.00000     )  THEN    

 *ENDIF

 SELECT      COMPONENT PIEZOELECTRICBODY1                                                                                                                                                                                                                                              

 SELECT      ONLY ELEMENTS COMPLETELY CONTAINED WITHIN NODE SET.

         36 ELEMENTS (OF        486  DEFINED) SELECTED FROM
       53 SELECTED NODES BY  ESLN COMMAND.

 RESELECT     FOR ITEM=ENAM COMPONENT=    
  IN RANGE       187 TO        187 STEP          1

          0  ELEMENTS (OF        486  DEFINED) SELECTED BY  ESEL  COMMAND.

 *GET  INUM187   FROM  ELEM  ITEM=COUN           VALUE=  0.00000000    

 *IF  iNum187                           ( =   0.00000     )  GT  
      0                                 ( =   0.00000     )  THEN    

 *ENDIF

 SELECT      COMPONENT PIEZOELECTRICBODY1                                                                                                                                                                                                                                              

 SELECT      ONLY ELEMENTS COMPLETELY CONTAINED WITHIN NODE SET.

         36 ELEMENTS (OF        486  DEFINED) SELECTED FROM
       53 SELECTED NODES BY  ESLN COMMAND.

 RESELECT     FOR ITEM=ENAM COMPONENT=    
  IN RANGE       182 TO        182 STEP          1

          0  ELEMENTS (OF        486  DEFINED) SELECTED BY  ESEL  COMMAND.

 *GET  INUM182   FROM  ELEM  ITEM=COUN           VALUE=  0.00000000    

 *IF  iNum182                           ( =   0.00000     )  GT  
      0                                 ( =   0.00000     )  THEN    

 *ENDIF

 SELECT      COMPONENT PIEZOELECTRICBODY1                                                                                                                                                                                                                                              

 SELECT      ONLY ELEMENTS COMPLETELY CONTAINED WITHIN NODE SET.

         36 ELEMENTS (OF        486  DEFINED) SELECTED FROM
       53 SELECTED NODES BY  ESLN COMMAND.

 RESELECT     FOR ITEM=ENAM COMPONENT=    
  IN RANGE       183 TO        183 STEP          1

         12  ELEMENTS (OF        486  DEFINED) SELECTED BY  ESEL  COMMAND.

 *GET  INUM183   FROM  ELEM  ITEM=COUN           VALUE=  12.0000000    

 *IF  iNum183                           ( =   12.0000     )  GT  
      0                                 ( =   0.00000     )  THEN    

 PARAMETER _ICURRENTELEM =     0.000000000    

 *DO LOOP ON PARAMETER= AR30 FROM  1.0000     TO  12.000     BY  1.0000    

 PARAMETER _ICURRENTELEM =     259.0000000    

 MODIFY ELEMENT       259 (IF SELECTED) TO HAVE  ESYS =      0
     ELEM    MAT   TYP   REL   SEC   ESYS         NODES
     259   4   4      4      4    0     945   931   930   941   958   956   957   975


 *GET  _ICURRENTETYP  FROM  ELEM       259  ITEM=ATTR TYPE      VALUE=  4.00000000    

 *GET  _PLANEBEHAVIOR  FROM  ETYP      4  ITEM=ATTR KOP3  VALUE=  1.00000000    

 *IF  _planebehavior                    ( =   1.00000     )  EQ  
      3                                 ( =   3.00000     )  THEN    

 *ENDIF

 ELEMENT TYPE          4 IS PLANE223     AXI 8-NODE STRU-ELECT SOLID 
  KEYOPT( 1- 6)=     1001      0      1        0      0      0
  KEYOPT( 7-12)=        0      0      0        0      0      0
  KEYOPT(13-18)=        0      0      0        0      0      0

 CURRENT NODAL DOF SET IS  UX    UY    VOLT
  AXISYMMETRIC MODEL

 *GET  _ICURRENTMAT  FROM  ELEM       259  ITEM=ATTR MAT       VALUE=  4.00000000    

 DELETE PROPERTY  RSVX  FROM MATERIAL          4 TO          4 BY          1

 DELETE PROPERTY  RSVY  FROM MATERIAL          4 TO          4 BY          1

 DELETE PROPERTY  RSVZ  FROM MATERIAL          4 TO          4 BY          1

 DEFINE DATA TABLE  PIEZ  FOR MATERIAL     4

 DATA FOR  PIEZ  TABLE FOR MATERIAL   4
 LOC=  2 -2.9200      0.0000      0.0000      0.0000      0.0000      0.0000    

 DATA FOR  PIEZ  TABLE FOR MATERIAL   4
 LOC=  5  23.400      0.0000      0.0000      0.0000      0.0000      0.0000    

 DATA FOR  PIEZ  TABLE FOR MATERIAL   4
 LOC=  8 -2.9200      0.0000      0.0000      0.0000      0.0000      0.0000    

 DATA FOR  PIEZ  TABLE FOR MATERIAL   4
 LOC= 10  16.190      0.0000      0.0000      0.0000      0.0000      0.0000    

 DATA TABLE  DPER  FOR MATERIAL     4 IS REACTIVATED
   PARAMETERS ASSOCIATED WITH IT ARE TO BE RESET
   NUMBER OF TEMPERATURE POINTS -    0
   NUMBER OF DATA POINTS        -    9
   TB OPTION                    -    0

 DATA FOR  DPER  TABLE FOR MATERIAL   4
 LOC=  1  2120.0      1980.0      2120.0      0.0000      0.0000      0.0000    

 *ENDDO  INDEX= AR30                            

 *ENDIF

 EM UNITS = USER  EPZERO= 0.88540E-11


 ***** ROUTINE COMPLETED *****  CP =         0.328



 *****  MAPDL SOLUTION ROUTINE  *****

 SELECT ALL ENTITIES OF TYPE= ALL  AND BELOW

 WRITE FGRA ITEMS TO THE DATABASE WITH A FREQUENCY OF ALL 
   FOR ALL APPLICABLE ENTITIES
  
 ***********  Piezoelectric Body 234 ***********
  
 CMBLOCK read of NODE component PIEZOELECTRICBODY34  completed

 FINISH SOLUTION PROCESSING


 ***** ROUTINE COMPLETED *****  CP =         0.328



 *** MAPDL - ENGINEERING ANALYSIS SYSTEM  RELEASE 2023 R1          23.1     ***
 Ansys Mechanical Enterprise Academic Student      
 01055371  VERSION=WINDOWS x64   17:58:10  MAY 15, 2023 CP=      0.328

 test--Modal (E5)                                                              



          ***** MAPDL ANALYSIS DEFINITION (PREP7) *****

 SELECT      COMPONENT PIEZOELECTRICBODY34                                                                                                                                                                                                                                             

 SELECT      ONLY ELEMENTS COMPLETELY CONTAINED WITHIN NODE SET.

         36 ELEMENTS (OF        486  DEFINED) SELECTED FROM
       53 SELECTED NODES BY  ESLN COMMAND.

 RESELECT     FOR ITEM=ENAM COMPONENT=    
  IN RANGE       185 TO        185 STEP          1

          0  ELEMENTS (OF        486  DEFINED) SELECTED BY  ESEL  COMMAND.

 *GET  INUM185   FROM  ELEM  ITEM=COUN           VALUE=  0.00000000    

 *IF  iNum185                           ( =   0.00000     )  GT  
      0                                 ( =   0.00000     )  THEN    

 *ENDIF

 SELECT      COMPONENT PIEZOELECTRICBODY34                                                                                                                                                                                                                                             

 SELECT      ONLY ELEMENTS COMPLETELY CONTAINED WITHIN NODE SET.

         36 ELEMENTS (OF        486  DEFINED) SELECTED FROM
       53 SELECTED NODES BY  ESLN COMMAND.

 RESELECT     FOR ITEM=ENAM COMPONENT=    
  IN RANGE       186 TO        186 STEP          1

          0  ELEMENTS (OF        486  DEFINED) SELECTED BY  ESEL  COMMAND.

 *GET  INUM186   FROM  ELEM  ITEM=COUN           VALUE=  0.00000000    

 *IF  iNum186                           ( =   0.00000     )  GT  
      0                                 ( =   0.00000     )  THEN    

 *ENDIF

 SELECT      COMPONENT PIEZOELECTRICBODY34                                                                                                                                                                                                                                             

 SELECT      ONLY ELEMENTS COMPLETELY CONTAINED WITHIN NODE SET.

         36 ELEMENTS (OF        486  DEFINED) SELECTED FROM
       53 SELECTED NODES BY  ESLN COMMAND.

 RESELECT     FOR ITEM=ENAM COMPONENT=    
  IN RANGE       187 TO        187 STEP          1

          0  ELEMENTS (OF        486  DEFINED) SELECTED BY  ESEL  COMMAND.

 *GET  INUM187   FROM  ELEM  ITEM=COUN           VALUE=  0.00000000    

 *IF  iNum187                           ( =   0.00000     )  GT  
      0                                 ( =   0.00000     )  THEN    

 *ENDIF

 SELECT      COMPONENT PIEZOELECTRICBODY34                                                                                                                                                                                                                                             

 SELECT      ONLY ELEMENTS COMPLETELY CONTAINED WITHIN NODE SET.

         36 ELEMENTS (OF        486  DEFINED) SELECTED FROM
       53 SELECTED NODES BY  ESLN COMMAND.

 RESELECT     FOR ITEM=ENAM COMPONENT=    
  IN RANGE       182 TO        182 STEP          1

          0  ELEMENTS (OF        486  DEFINED) SELECTED BY  ESEL  COMMAND.

 *GET  INUM182   FROM  ELEM  ITEM=COUN           VALUE=  0.00000000    

 *IF  iNum182                           ( =   0.00000     )  GT  
      0                                 ( =   0.00000     )  THEN    

 *ENDIF

 SELECT      COMPONENT PIEZOELECTRICBODY34                                                                                                                                                                                                                                             

 SELECT      ONLY ELEMENTS COMPLETELY CONTAINED WITHIN NODE SET.

         36 ELEMENTS (OF        486  DEFINED) SELECTED FROM
       53 SELECTED NODES BY  ESLN COMMAND.

 RESELECT     FOR ITEM=ENAM COMPONENT=    
  IN RANGE       183 TO        183 STEP          1

         12  ELEMENTS (OF        486  DEFINED) SELECTED BY  ESEL  COMMAND.

 *GET  INUM183   FROM  ELEM  ITEM=COUN           VALUE=  12.0000000    

 *IF  iNum183                           ( =   12.0000     )  GT  
      0                                 ( =   0.00000     )  THEN    

 PARAMETER _ICURRENTELEM =     0.000000000    

 *DO LOOP ON PARAMETER= AR30 FROM  1.0000     TO  12.000     BY  1.0000    

 PARAMETER _ICURRENTELEM =     1.000000000    

 MODIFY ELEMENT         1 (IF SELECTED) TO HAVE  ESYS =      0
     ELEM    MAT   TYP   REL   SEC   ESYS         NODES
       1   5   5      5      5    0      21     7     6    17    34    32    33    51


 *GET  _ICURRENTETYP  FROM  ELEM         1  ITEM=ATTR TYPE      VALUE=  5.00000000    

 *GET  _PLANEBEHAVIOR  FROM  ETYP      5  ITEM=ATTR KOP3  VALUE=  1.00000000    

 *IF  _planebehavior                    ( =   1.00000     )  EQ  
      3                                 ( =   3.00000     )  THEN    

 *ENDIF

 ELEMENT TYPE          5 IS PLANE223     AXI 8-NODE STRU-ELECT SOLID 
  KEYOPT( 1- 6)=     1001      0      1        0      0      0
  KEYOPT( 7-12)=        0      0      0        0      0      0
  KEYOPT(13-18)=        0      0      0        0      0      0

 CURRENT NODAL DOF SET IS  UX    UY    VOLT
  AXISYMMETRIC MODEL

 *GET  _ICURRENTMAT  FROM  ELEM         1  ITEM=ATTR MAT       VALUE=  5.00000000    

 DELETE PROPERTY  RSVX  FROM MATERIAL          5 TO          5 BY          1

 DELETE PROPERTY  RSVY  FROM MATERIAL          5 TO          5 BY          1

 DELETE PROPERTY  RSVZ  FROM MATERIAL          5 TO          5 BY          1

 DEFINE DATA TABLE  PIEZ  FOR MATERIAL     5

 DATA FOR  PIEZ  TABLE FOR MATERIAL   5
 LOC=  2 -2.9200      0.0000      0.0000      0.0000      0.0000      0.0000    

 DATA FOR  PIEZ  TABLE FOR MATERIAL   5
 LOC=  5  23.400      0.0000      0.0000      0.0000      0.0000      0.0000    

 DATA FOR  PIEZ  TABLE FOR MATERIAL   5
 LOC=  8 -2.9200      0.0000      0.0000      0.0000      0.0000      0.0000    

 DATA FOR  PIEZ  TABLE FOR MATERIAL   5
 LOC= 10  16.190      0.0000      0.0000      0.0000      0.0000      0.0000    

 DATA TABLE  DPER  FOR MATERIAL     5 IS REACTIVATED
   PARAMETERS ASSOCIATED WITH IT ARE TO BE RESET
   NUMBER OF TEMPERATURE POINTS -    0
   NUMBER OF DATA POINTS        -    9
   TB OPTION                    -    0

 DATA FOR  DPER  TABLE FOR MATERIAL   5
 LOC=  1  2120.0      1980.0      2120.0      0.0000      0.0000      0.0000    

 *ENDDO  INDEX= AR30                            

 *ENDIF

 EM UNITS = USER  EPZERO= 0.88540E-11


 ***** ROUTINE COMPLETED *****  CP =         0.359



 *****  MAPDL SOLUTION ROUTINE  *****

 SELECT ALL ENTITIES OF TYPE= ALL  AND BELOW

 WRITE FGRA ITEMS TO THE DATABASE WITH A FREQUENCY OF ALL 
   FOR ALL APPLICABLE ENTITIES

 *GET  ANSINTER_  FROM  ACTI  ITEM=INT        VALUE=  0.00000000    

 *IF  ANSINTER_                         ( =   0.00000     )  NE  
      0                                 ( =   0.00000     )  THEN    

 *ENDIF

 *** NOTE ***                            CP =       0.391   TIME= 17:58:10
 The automatic domain decomposition logic has selected the MESH domain   
 decomposition method with 2 processes per solution.                     

 *****  MAPDL SOLVE    COMMAND  *****

 *** WARNING ***                         CP =       0.391   TIME= 17:58:10
 Element shape checking is currently inactive.  Issue SHPP,ON or         
 SHPP,WARN to reactivate, if desired.                                    

 *** NOTE ***                            CP =       0.391   TIME= 17:58:10
 Axisymmetric elements are present.  The nodal loads input with the F    
 commands and the reaction forces are on a full circle basis.  This      
 differs from the pre-MAPDL 5.0 interpretation.                          

 *** NOTE ***                            CP =       0.391   TIME= 17:58:10
 The model data was checked and warning messages were found.             
  Please review output or errors file ( C:\Users\simon\Desktop\Test      
 Ansys - Copia\_ProjectScratch\Scr6026\file0.err ) for these warning     
 messages.                                                               

 *** SELECTION OF ELEMENT TECHNOLOGIES FOR APPLICABLE ELEMENTS ***
      --- GIVE SUGGESTIONS AND RESET THE KEY OPTIONS ---

 ELEMENT TYPE         1 IS PLANE183 WITH AXISYMMETRIC OPTION. IT IS NOT ASSOCIATED
 WITH FULLY INCOMPRESSIBLE HYPERELASTIC MATERIALS. NO SUGGESTION IS AVAILABLE
 AND NO RESETTING IS NEEDED.

 ELEMENT TYPE         2 IS PLANE183 WITH AXISYMMETRIC OPTION. IT IS NOT ASSOCIATED
 WITH FULLY INCOMPRESSIBLE HYPERELASTIC MATERIALS. NO SUGGESTION IS AVAILABLE
 AND NO RESETTING IS NEEDED.

 ELEMENT TYPE         3 IS PLANE183 WITH AXISYMMETRIC OPTION. IT IS NOT ASSOCIATED
 WITH FULLY INCOMPRESSIBLE HYPERELASTIC MATERIALS. NO SUGGESTION IS AVAILABLE
 AND NO RESETTING IS NEEDED.

 ELEMENT TYPE         6 IS PLANE183 WITH AXISYMMETRIC OPTION. IT IS NOT ASSOCIATED
 WITH FULLY INCOMPRESSIBLE HYPERELASTIC MATERIALS. NO SUGGESTION IS AVAILABLE
 AND NO RESETTING IS NEEDED.



 *** MAPDL - ENGINEERING ANALYSIS SYSTEM  RELEASE 2023 R1          23.1     ***
 Ansys Mechanical Enterprise Academic Student      
 01055371  VERSION=WINDOWS x64   17:58:10  MAY 15, 2023 CP=      0.391

 test--Modal (E5)                                                              



                       S O L U T I O N   O P T I O N S

   PROBLEM DIMENSIONALITY. . . . . . . . . . . . .AXISYMMETRIC         
   DEGREES OF FREEDOM. . . . . . UX   UY   VOLT
   ANALYSIS TYPE . . . . . . . . . . . . . . . . .MODAL                
      EXTRACTION METHOD. . . . . . . . . . . . . .BLOCK LANCZOS
   OFFSET TEMPERATURE FROM ABSOLUTE ZERO . . . . .  273.15    
   NUMBER OF MODES TO EXTRACT. . . . . . . . . . .     6
   MODAL EXTRACTION RANGE. . . . . . . . . . . . .  1.0000     TO  0.10000E+09
   GLOBALLY ASSEMBLED MATRIX . . . . . . . . . . .SYMMETRIC  
   NUMBER OF MODES TO EXPAND . . . . . . . . . . .ALL
   ELEMENT RESULTS CALCULATION . . . . . . . . . .OFF

 *** NOTE ***                            CP =       0.391   TIME= 17:58:10
 The structural-electrostatic analysis with KEYOPT(1) = 1001 of element  
 PLANE223 will be piezoelectric.                                         

 *** NOTE ***                            CP =       0.391   TIME= 17:58:10
 The structural-electrostatic analysis with KEYOPT(1) = 1001 of element  
 PLANE223 will be piezoelectric.                                         

 *** WARNING ***                         CP =       0.391   TIME= 17:58:10
 No constraints have been defined using the D command.                   

 *** NOTE ***                            CP =       0.391   TIME= 17:58:10
 The step data was checked and warning messages were found.              
  Please review output or errors file ( C:\Users\simon\Desktop\Test      
 Ansys - Copia\_ProjectScratch\Scr6026\file0.err ) for these warning     
 messages.                                                               

 *** NOTE ***                            CP =       0.391   TIME= 17:58:10
 The conditions for direct assembly have been met.  No .emat or .erot    
 files will be produced.                                                 

 *** WARNING ***                         CP =       0.391   TIME= 17:58:10
 Contact element 427 is missing DOF VOLT (and possibly others) of        
 underlying base element 259.  Similar mismatches may exist elsewhere,   
 but checking for this is discontinued.                                  

 *** NOTE ***                            CP =       0.406   TIME= 17:58:10
 Symmetric Deformable- deformable contact pair identified by real        
 constant set 7 and contact element type 7 has been set up.  The         
 companion pair has real constant set ID 8.  Both pairs should have the  
 same behavior.                                                          
 *WARNING*: The contact pairs have similar mesh patterns.  MAPDL will    
 keep the current pair and deactivate its companion pair.                
 Linear contact is defined
 Contact algorithm: Augmented Lagrange method
 Contact detection at: Gauss integration point
 Contact stiffness factor FKN                  10.000    
 The resulting initial contact stiffness      0.51570E+17
 Default penetration tolerance factor FTOLN   0.10000    
 The resulting penetration tolerance          0.65021E-04
 Default opening contact stiffness OPSF will be used.
 Default tangent stiffness factor FKT          1.0000    
 Use constant contact stiffness
 Default Max. friction stress TAUMAX          0.10000E+21
 Average contact surface length               0.66667E-03
 Average contact pair depth                   0.65021E-03
 Average target surface length                0.66667E-03
 User defined pinball region PINB             0.11643E-03
 Initial penetration/gap is excluded.
 Bonded contact (always) is defined.

 *** NOTE ***                            CP =       0.406   TIME= 17:58:10
 Max.  Initial penetration 6.08785508E-18 was detected between contact   
 element 382 and target element 390.                                     
 ****************************************
  

 *** NOTE ***                            CP =       0.406   TIME= 17:58:10
 Symmetric Deformable- deformable contact pair identified by real        
 constant set 8 and contact element type 7 has been set up.  The         
 companion pair has real constant set ID 7.  Both pairs should have the  
 same behavior.                                                          
 MAPDL will deactivate the current pair and keep its companion pair,     
 resulting in asymmetric contact.                                        
 Linear contact is defined
 Contact algorithm: Augmented Lagrange method
 Contact detection at: Gauss integration point
 Contact stiffness factor FKN                  10.000    
 The resulting initial contact stiffness      0.51570E+17
 Default penetration tolerance factor FTOLN   0.10000    
 The resulting penetration tolerance          0.65155E-04
 Default opening contact stiffness OPSF will be used.
 Default tangent stiffness factor FKT          1.0000    
 Use constant contact stiffness
 Default Max. friction stress TAUMAX          0.10000E+21
 Average contact surface length               0.66667E-03
 Average contact pair depth                   0.65155E-03
 Average target surface length                0.66667E-03
 User defined pinball region PINB             0.11643E-03
 Initial penetration/gap is excluded.
 Bonded contact (always) is defined.

 *** NOTE ***                            CP =       0.406   TIME= 17:58:10
 Max.  Initial penetration 3.327820109E-18 was detected between contact  
 element 385 and target element 381.                                     
 ****************************************
  

 *** NOTE ***                            CP =       0.406   TIME= 17:58:10
 Symmetric Deformable- deformable contact pair identified by real        
 constant set 9 and contact element type 9 has been set up.  The         
 companion pair has real constant set ID 10.  Both pairs should have     
 the same behavior.                                                      
 *WARNING*: The contact pairs have similar mesh patterns.  MAPDL will    
 keep the current pair and deactivate its companion pair.                
 Linear contact is defined
 Contact algorithm: Augmented Lagrange method
 Contact detection at: Gauss integration point
 Contact stiffness factor FKN                  10.000    
 The resulting initial contact stiffness      0.51285E+17
 Default penetration tolerance factor FTOLN   0.10000    
 The resulting penetration tolerance          0.65047E-04
 Default opening contact stiffness OPSF will be used.
 Default tangent stiffness factor FKT          1.0000    
 Use constant contact stiffness
 Default Max. friction stress TAUMAX          0.10000E+21
 Average contact surface length               0.66667E-03
 Average contact pair depth                   0.65047E-03
 Average target surface length                0.66667E-03
 User defined pinball region PINB             0.11643E-03
 Initial penetration/gap is excluded.
 Bonded contact (always) is defined.

 *** NOTE ***                            CP =       0.406   TIME= 17:58:10
 Max.  Initial penetration 1.597137419E-18 was detected between contact  
 element 400 and target element 411.                                     
 ****************************************
  

 *** NOTE ***                            CP =       0.406   TIME= 17:58:10
 Symmetric Deformable- deformable contact pair identified by real        
 constant set 10 and contact element type 9 has been set up.  The        
 companion pair has real constant set ID 9.  Both pairs should have the  
 same behavior.                                                          
 MAPDL will deactivate the current pair and keep its companion pair,     
 resulting in asymmetric contact.                                        
 Linear contact is defined
 Contact algorithm: Augmented Lagrange method
 Contact detection at: Gauss integration point
 Contact stiffness factor FKN                  10.000    
 The resulting initial contact stiffness      0.51285E+17
 Default penetration tolerance factor FTOLN   0.10000    
 The resulting penetration tolerance          0.65516E-04
 Default opening contact stiffness OPSF will be used.
 Default tangent stiffness factor FKT          1.0000    
 Use constant contact stiffness
 Default Max. friction stress TAUMAX          0.10000E+21
 Average contact surface length               0.66667E-03
 Average contact pair depth                   0.65516E-03
 Average target surface length                0.66667E-03
 User defined pinball region PINB             0.11643E-03
 Initial penetration/gap is excluded.
 Bonded contact (always) is defined.

 *** NOTE ***                            CP =       0.406   TIME= 17:58:10
 Max.  Initial penetration 2.378936927E-18 was detected between contact  
 element 408 and target element 391.                                     
 ****************************************
  

 *** NOTE ***                            CP =       0.406   TIME= 17:58:10
 Symmetric Deformable- deformable contact pair identified by real        
 constant set 11 and contact element type 11 has been set up.  The       
 companion pair has real constant set ID 12.  Both pairs should have     
 the same behavior.                                                      
 *WARNING*: The contact pairs have similar mesh patterns which can cause 
 overconstraint.  MAPDL will deactivate the current pair and keep its    
 companion pair.                                                         
 Linear contact is defined
 Contact algorithm: Augmented Lagrange method
 Contact detection at: Gauss integration point
 Contact stiffness factor FKN                  10.000    
 The resulting initial contact stiffness      0.45593E+17
 Default penetration tolerance factor FTOLN   0.10000    
 The resulting penetration tolerance          0.65424E-04
 Default opening contact stiffness OPSF will be used.
 Default tangent stiffness factor FKT          1.0000    
 Use constant contact stiffness
 Default Max. friction stress TAUMAX          0.10000E+21
 Average contact surface length               0.66667E-03
 Average contact pair depth                   0.65424E-03
 Average target surface length                0.66667E-03
 User defined pinball region PINB             0.11643E-03
 Initial penetration/gap is excluded.
 Bonded contact (always) is defined.

 *** NOTE ***                            CP =       0.406   TIME= 17:58:10
 Max.  Initial penetration 6.039650073E-19 was detected between contact  
 element 424 and target element 435.                                     
 ****************************************
  

 *** NOTE ***                            CP =       0.406   TIME= 17:58:10
 Symmetric Deformable- deformable contact pair identified by real        
 constant set 12 and contact element type 11 has been set up.  The       
 companion pair has real constant set ID 11.  Both pairs should have     
 the same behavior.                                                      
 MAPDL will keep the current pair and deactivate its companion pair,     
 resulting in asymmetric contact.                                        
 Linear contact is defined
 Contact algorithm: Augmented Lagrange method
 Contact detection at: Gauss integration point
 Contact stiffness factor FKN                  10.000    
 The resulting initial contact stiffness      0.45593E+17
 Default penetration tolerance factor FTOLN   0.10000    
 The resulting penetration tolerance          0.50008E-04
 Default opening contact stiffness OPSF will be used.
 Default tangent stiffness factor FKT          1.0000    
 Use constant contact stiffness
 Default Max. friction stress TAUMAX          0.10000E+21
 Average contact surface length               0.66667E-03
 Average contact pair depth                   0.50008E-03
 Average target surface length                0.66667E-03
 User defined pinball region PINB             0.11643E-03
 Initial penetration/gap is excluded.
 Bonded contact (always) is defined.

 *** NOTE ***                            CP =       0.406   TIME= 17:58:10
 Max.  Initial penetration 1.031418507E-18 was detected between contact  
 element 432 and target element 415.                                     
 ****************************************
  

 *** NOTE ***                            CP =       0.406   TIME= 17:58:10
 Symmetric Deformable- deformable contact pair identified by real        
 constant set 13 and contact element type 13 has been set up.  The       
 companion pair has real constant set ID 14.  Both pairs should have     
 the same behavior.                                                      
 *WARNING*: The contact pairs have similar mesh patterns.  MAPDL will    
 keep the current pair and deactivate its companion pair.                
 Linear contact is defined
 Contact algorithm: Augmented Lagrange method
 Contact detection at: Gauss integration point
 Contact stiffness factor FKN                  10.000    
 The resulting initial contact stiffness      0.45593E+17
 Default penetration tolerance factor FTOLN   0.10000    
 The resulting penetration tolerance          0.49992E-04
 Default opening contact stiffness OPSF will be used.
 Default tangent stiffness factor FKT          1.0000    
 Use constant contact stiffness
 Default Max. friction stress TAUMAX          0.10000E+21
 Average contact surface length               0.66667E-03
 Average contact pair depth                   0.49992E-03
 Average target surface length                0.66667E-03
 User defined pinball region PINB             0.11643E-03
 Initial penetration/gap is excluded.
 Bonded contact (always) is defined.

 *** NOTE ***                            CP =       0.406   TIME= 17:58:10
 Max.  Initial penetration 1.679808236E-18 was detected between contact  
 element 448 and target element 460.                                     
 ****************************************
  

 *** NOTE ***                            CP =       0.406   TIME= 17:58:10
 Symmetric Deformable- deformable contact pair identified by real        
 constant set 14 and contact element type 13 has been set up.  The       
 companion pair has real constant set ID 13.  Both pairs should have     
 the same behavior.                                                      
 MAPDL will deactivate the current pair and keep its companion pair,     
 resulting in asymmetric contact.                                        
 Linear contact is defined
 Contact algorithm: Augmented Lagrange method
 Contact detection at: Gauss integration point
 Contact stiffness factor FKN                  10.000    
 The resulting initial contact stiffness      0.45593E+17
 Default penetration tolerance factor FTOLN   0.10000    
 The resulting penetration tolerance          0.50008E-04
 Default opening contact stiffness OPSF will be used.
 Default tangent stiffness factor FKT          1.0000    
 Use constant contact stiffness
 Default Max. friction stress TAUMAX          0.10000E+21
 Average contact surface length               0.66667E-03
 Average contact pair depth                   0.50008E-03
 Average target surface length                0.66667E-03
 User defined pinball region PINB             0.11643E-03
 Initial penetration/gap is excluded.
 Bonded contact (always) is defined.

 *** NOTE ***                            CP =       0.406   TIME= 17:58:10
 Max.  Initial penetration 1.004401912E-18 was detected between contact  
 element 455 and target element 443.                                     
 ****************************************
  

 *** NOTE ***                            CP =       0.406   TIME= 17:58:10
 Symmetric Deformable- deformable contact pair identified by real        
 constant set 15 and contact element type 15 has been set up.  The       
 companion pair has real constant set ID 16.  Both pairs should have     
 the same behavior.                                                      
 *WARNING*: The contact pairs have similar mesh patterns.  MAPDL will    
 keep the current pair and deactivate its companion pair.                
 Linear contact is defined
 Contact algorithm: Augmented Lagrange method
 Contact detection at: Gauss integration point
 Contact stiffness factor FKN                  10.000    
 The resulting initial contact stiffness      0.45607E+17
 Default penetration tolerance factor FTOLN   0.10000    
 The resulting penetration tolerance          0.49992E-04
 Default opening contact stiffness OPSF will be used.
 Default tangent stiffness factor FKT          1.0000    
 Use constant contact stiffness
 Default Max. friction stress TAUMAX          0.10000E+21
 Average contact surface length               0.66667E-03
 Average contact pair depth                   0.49992E-03
 Average target surface length                0.66667E-03
 User defined pinball region PINB             0.11643E-03
 Initial penetration/gap is excluded.
 Bonded contact (always) is defined.

 *** NOTE ***                            CP =       0.406   TIME= 17:58:10
 Max.  Initial penetration 7.635095402E-19 was detected between contact  
 element 474 and target element 486.                                     
 ****************************************
  

 *** NOTE ***                            CP =       0.406   TIME= 17:58:10
 Symmetric Deformable- deformable contact pair identified by real        
 constant set 16 and contact element type 15 has been set up.  The       
 companion pair has real constant set ID 15.  Both pairs should have     
 the same behavior.                                                      
 MAPDL will deactivate the current pair and keep its companion pair,     
 resulting in asymmetric contact.                                        
 Linear contact is defined
 Contact algorithm: Augmented Lagrange method
 Contact detection at: Gauss integration point
 Contact stiffness factor FKN                  10.000    
 The resulting initial contact stiffness      0.45607E+17
 Default penetration tolerance factor FTOLN   0.10000    
 The resulting penetration tolerance          0.65516E-04
 Default opening contact stiffness OPSF will be used.
 Default tangent stiffness factor FKT          1.0000    
 Use constant contact stiffness
 Default Max. friction stress TAUMAX          0.10000E+21
 Average contact surface length               0.66667E-03
 Average contact pair depth                   0.65516E-03
 Average target surface length                0.66667E-03
 User defined pinball region PINB             0.11643E-03
 Initial penetration/gap is excluded.
 Bonded contact (always) is defined.

 *** NOTE ***                            CP =       0.406   TIME= 17:58:10
 Max.  Initial penetration 6.520395056E-19 was detected between contact  
 element 477 and target element 465.                                     
 ****************************************
  

 *** WARNING ***                         CP =       0.406   TIME= 17:58:10
 Maximum contact stiffness 5.156971667E+16 is too big which can cause an 
 accuracy problem, you may scale the force units in the model.           
  
  

  
  
     D I S T R I B U T E D   D O M A I N   D E C O M P O S E R
  
  ...Number of elements: 486
  ...Number of nodes:    1350
  ...Decompose to 2 CPU domains
  ...Element load balance ratio =     1.018


                      L O A D   S T E P   O P T I O N S

   LOAD STEP NUMBER. . . . . . . . . . . . . . . .     1
   THERMAL STRAINS INCLUDED IN THE LOAD VECTOR . .   YES
   PRINT OUTPUT CONTROLS . . . . . . . . . . . . .NO PRINTOUT
   DATABASE OUTPUT CONTROLS
      ITEM     FREQUENCY   COMPONENT
       ALL       NONE               
      NSOL        ALL               
      FGRA        ALL               


 *** NOTE ***                            CP =       0.500   TIME= 17:58:10
 Symmetric Deformable- deformable contact pair identified by real        
 constant set 13 and contact element type 13 has been set up.  The       
 companion pair has real constant set ID 14.  Both pairs should have     
 the same behavior.                                                      
 MAPDL will keep the current pair and deactivate its companion pair,     
 resulting in asymmetric contact.                                        
 Linear contact is defined
 Contact algorithm: Augmented Lagrange method
 Contact detection at: Gauss integration point
 Contact stiffness factor FKN                  10.000    
 The resulting initial contact stiffness      0.45593E+17
 Default penetration tolerance factor FTOLN   0.10000    
 The resulting penetration tolerance          0.49992E-04
 Default opening contact stiffness OPSF will be used.
 Default tangent stiffness factor FKT          1.0000    
 Use constant contact stiffness
 Default Max. friction stress TAUMAX          0.10000E+21
 Average contact surface length               0.66667E-03
 Average contact pair depth                   0.49992E-03
 Average target surface length                0.66667E-03
 User defined pinball region PINB             0.11643E-03
 Initial penetration/gap is excluded.
 Bonded contact (always) is defined.

 *** NOTE ***                            CP =       0.500   TIME= 17:58:10
 Max.  Initial penetration 1.679808236E-18 was detected between contact  
 element 448 and target element 460.                                     
 ****************************************
  

 *** NOTE ***                            CP =       0.500   TIME= 17:58:10
 Symmetric Deformable- deformable contact pair identified by real        
 constant set 14 and contact element type 13 has been set up.  The       
 companion pair has real constant set ID 13.  Both pairs should have     
 the same behavior.                                                      
 MAPDL will deactivate the current pair and keep its companion pair,     
 resulting in asymmetric contact.                                        
 Linear contact is defined
 Contact algorithm: Augmented Lagrange method
 Contact detection at: Gauss integration point
 Contact stiffness factor FKN                  10.000    
 The resulting initial contact stiffness      0.45593E+17
 Default penetration tolerance factor FTOLN   0.10000    
 The resulting penetration tolerance          0.50008E-04
 Default opening contact stiffness OPSF will be used.
 Default tangent stiffness factor FKT          1.0000    
 Use constant contact stiffness
 Default Max. friction stress TAUMAX          0.10000E+21
 Average contact surface length               0.66667E-03
 Average contact pair depth                   0.50008E-03
 Average target surface length                0.66667E-03
 User defined pinball region PINB             0.11643E-03
 Initial penetration/gap is excluded.
 Bonded contact (always) is defined.

 *** NOTE ***                            CP =       0.500   TIME= 17:58:10
 Max.  Initial penetration 1.004401912E-18 was detected between contact  
 element 455 and target element 443.                                     
 ****************************************
  

 *** NOTE ***                            CP =       0.500   TIME= 17:58:10
 Symmetric Deformable- deformable contact pair identified by real        
 constant set 15 and contact element type 15 has been set up.  The       
 companion pair has real constant set ID 16.  Both pairs should have     
 the same behavior.                                                      
 MAPDL will keep the current pair and deactivate its companion pair,     
 resulting in asymmetric contact.                                        
 Linear contact is defined
 Contact algorithm: Augmented Lagrange method
 Contact detection at: Gauss integration point
 Contact stiffness factor FKN                  10.000    
 The resulting initial contact stiffness      0.45607E+17
 Default penetration tolerance factor FTOLN   0.10000    
 The resulting penetration tolerance          0.49992E-04
 Default opening contact stiffness OPSF will be used.
 Default tangent stiffness factor FKT          1.0000    
 Use constant contact stiffness
 Default Max. friction stress TAUMAX          0.10000E+21
 Average contact surface length               0.66667E-03
 Average contact pair depth                   0.49992E-03
 Average target surface length                0.66667E-03
 User defined pinball region PINB             0.11643E-03
 Initial penetration/gap is excluded.
 Bonded contact (always) is defined.

 *** NOTE ***                            CP =       0.500   TIME= 17:58:10
 Max.  Initial penetration 7.635095402E-19 was detected between contact  
 element 474 and target element 486.                                     
 ****************************************
  

 *** NOTE ***                            CP =       0.500   TIME= 17:58:10
 Symmetric Deformable- deformable contact pair identified by real        
 constant set 16 and contact element type 15 has been set up.  The       
 companion pair has real constant set ID 15.  Both pairs should have     
 the same behavior.                                                      
 MAPDL will deactivate the current pair and keep its companion pair,     
 resulting in asymmetric contact.                                        
 Linear contact is defined
 Contact algorithm: Augmented Lagrange method
 Contact detection at: Gauss integration point
 Contact stiffness factor FKN                  10.000    
 The resulting initial contact stiffness      0.45607E+17
 Default penetration tolerance factor FTOLN   0.10000    
 The resulting penetration tolerance          0.65516E-04
 Default opening contact stiffness OPSF will be used.
 Default tangent stiffness factor FKT          1.0000    
 Use constant contact stiffness
 Default Max. friction stress TAUMAX          0.10000E+21
 Average contact surface length               0.66667E-03
 Average contact pair depth                   0.65516E-03
 Average target surface length                0.66667E-03
 User defined pinball region PINB             0.11643E-03
 Initial penetration/gap is excluded.
 Bonded contact (always) is defined.

 *** NOTE ***                            CP =       0.500   TIME= 17:58:10
 Max.  Initial penetration 6.520395056E-19 was detected between contact  
 element 477 and target element 465.                                     
 ****************************************
  



            **** CENTER OF MASS, MASS, AND MASS MOMENTS OF INERTIA ****

  CALCULATIONS ASSUME ELEMENT MASS AT ELEMENT CENTROID

  TOTAL MASS =  0.88529E-02


 MASS AND MOMENT VALUES ARE EVALUATED FOR AN AXISYMMETRIC 360. DEGREE MODEL.

                    MOM. OF INERTIA      MOM. OF INERTIA     RADIUS OF GYRATION
 CENTER OF MASS      ABOUT ORIGIN     ABOUT CENTER OF MASS  ABOUT CENTER OF MASS

 XC =   0.0000       IXX =   0.4329E-05   IXX =   0.1177E-05  RGX =   0.1153E-01
 YC =  0.18869E-01   IYY =   0.6586E-07   IYY =   0.6586E-07  RGY =   0.2728E-02


  *** MASS SUMMARY BY ELEMENT TYPE ***

  TYPE      MASS
     1  0.662649E-03
     2  0.265059E-02
     3  0.237874E-02
     4  0.391065E-03
     5  0.391065E-03
     6  0.237874E-02

 Range of element maximum matrix coefficients in global coordinates
 Maximum = 3.500829028E+11 at element 397.                               
 Minimum = 863719837 at element 268.                                     

   *** ELEMENT MATRIX FORMULATION TIMES
     TYPE    NUMBER   ENAME      TOTAL CP  AVE CP

        1        54  PLANE183      0.000   0.000000
        2       108  PLANE183      0.000   0.000000
        3        96  PLANE183      0.016   0.000163
        4        12  PLANE223      0.000   0.000000
        5        12  PLANE223      0.000   0.000000
        6        96  PLANE183      0.016   0.000163
        7         6  CONTA172      0.016   0.002604
        8         6  TARGE169      0.000   0.000000
        9        12  CONTA172      0.000   0.000000
       10        12  TARGE169      0.000   0.000000
       11        12  CONTA172      0.000   0.000000
       12        12  TARGE169      0.000   0.000000
       13        12  CONTA172      0.000   0.000000
       14        12  TARGE169      0.000   0.000000
       15        12  CONTA172      0.000   0.000000
       16        12  TARGE169      0.000   0.000000
 Time at end of element matrix formulation CP = 0.5625.                  

  BLOCK LANCZOS CALCULATION OF UP TO     6 EIGENVECTORS.
  NUMBER OF EQUATIONS              =         2806
  MAXIMUM WAVEFRONT                =           48
  MAXIMUM MODES STORED             =            6
  MINIMUM EIGENVALUE               =  0.10000E+01
  MAXIMUM EIGENVALUE               =  0.10000E+09


  Process memory allocated for solver              =     2.292 MB
  Process memory required for in-core solution     =     2.188 MB
  Process memory required for out-of-core solution =     1.459 MB

  Total memory allocated for solver                =     4.499 MB
  Total memory required for in-core solution       =     4.295 MB
  Total memory required for out-of-core solution   =     2.876 MB

 *** NOTE ***                            CP =       0.719   TIME= 17:58:10
 The Distributed Sparse Matrix Solver used by the Block Lanczos          
 eigensolver is currently running in the in-core memory mode.  This      
 memory mode uses the most amount of memory in order to avoid using the  
 hard drive as much as possible, which most often results in the         
 fastest solution time.  This mode is recommended if enough physical     
 memory is present to accommodate all of the solver data.                

 *** WARNING ***                         CP =       0.734   TIME= 17:58:10
 The eigenproblem is ill-conditioned (relative residual from test linear 
 solve: 1.682808E-02).  The accuracy of the solution may not be          
 satisfactory.  Modifying the initial value of the frequency shift       
 (FREQB in the MODOPT command) or changing the boundary conditions of    
 the model might solve the problem.                                      
                                                                         

  Total memory available for LANCZOS         =     4.879822 GB

  Process memory required for in-core LANCZOS Workspace             =     6.689186 MB
  Process memory required for out-of-core LANCZOS Workspace         =     645.914063 KB

  Total   memory required for in-core LANCZOS Workspace             =     12.459366 MB
  Total   memory required for out-of-core LANCZOS Workspace         =     1.239670 MB

  Lanczos Memory Mode : INCORE

 *** MAPDL - ENGINEERING ANALYSIS SYSTEM  RELEASE 2023 R1          23.1     ***
 Ansys Mechanical Enterprise Academic Student      
 01055371  VERSION=WINDOWS x64   17:58:11  MAY 15, 2023 CP=      1.578

 test--Modal (E5)                                                              



 *** FREQUENCIES FROM BLOCK LANCZOS ITERATION ***

  MODE    FREQUENCY (HERTZ)      



   FREQUENCY RANGE REQUESTED=   1.00000      0.100000E+09
    1     74992.75791773    
    2     122478.4243028    
    3     174543.8583080    
    4     246131.0159827    
    5     300170.0856868    
    6     336338.8701217    

 *** MAPDL - ENGINEERING ANALYSIS SYSTEM  RELEASE 2023 R1          23.1     ***
 Ansys Mechanical Enterprise Academic Student      
 01055371  VERSION=WINDOWS x64   17:58:11  MAY 15, 2023 CP=      1.594

 test--Modal (E5)                                                              





          ***** PARTICIPATION FACTOR CALCULATION *****  X  DIRECTION
                                                                                  CUMULATIVE     RATIO EFF.MASS
  MODE   FREQUENCY       PERIOD      PARTIC.FACTOR     RATIO    EFFECTIVE MASS   MASS FRACTION   TO TOTAL MASS
     1     74992.8       0.13335E-04  -0.61121E-02    0.906157    0.373579E-04    0.222382        0.421987E-02
     2     122478.       0.81647E-05   0.16996E-02    0.251980    0.288875E-05    0.239578        0.326307E-03
     3     174544.       0.57292E-05   0.26201E-02    0.388443    0.686484E-05    0.280442        0.775438E-03
     4     246131.       0.40629E-05   0.57326E-02    0.849897    0.328631E-04    0.476067        0.371215E-02
     5     300170.       0.33314E-05   0.67451E-02    1.000000    0.454963E-04    0.746895        0.513917E-02
     6     336339.       0.29732E-05   0.65207E-02    0.966728    0.425191E-04     1.00000        0.480287E-02
 -----------------------------------------------------------------------------------------------------------------
   sum                                                            0.167990E-03                    0.189758E-01
 -----------------------------------------------------------------------------------------------------------------



          ***** PARTICIPATION FACTOR CALCULATION *****  Y  DIRECTION
                                                                                  CUMULATIVE     RATIO EFF.MASS
  MODE   FREQUENCY       PERIOD      PARTIC.FACTOR     RATIO    EFFECTIVE MASS   MASS FRACTION   TO TOTAL MASS
     1     74992.8       0.13335E-04   0.10457E-07    1.000000    0.109340E-15     1.00000        0.123508E-13
     2     122478.       0.81647E-05    0.0000        0.000000     0.00000         1.00000         0.00000    
     3     174544.       0.57292E-05    0.0000        0.000000     0.00000         1.00000         0.00000    
     4     246131.       0.40629E-05    0.0000        0.000000     0.00000         1.00000         0.00000    
     5     300170.       0.33314E-05    0.0000        0.000000     0.00000         1.00000         0.00000    
     6     336339.       0.29732E-05    0.0000        0.000000     0.00000         1.00000         0.00000    
 -----------------------------------------------------------------------------------------------------------------
   sum                                                            0.109340E-15                    0.123508E-13
 -----------------------------------------------------------------------------------------------------------------



          ***** PARTICIPATION FACTOR CALCULATION *****  Z  DIRECTION
                                                                                  CUMULATIVE     RATIO EFF.MASS
  MODE   FREQUENCY       PERIOD      PARTIC.FACTOR     RATIO    EFFECTIVE MASS   MASS FRACTION   TO TOTAL MASS
     1     74992.8       0.13335E-04    0.0000        0.000000     0.00000         0.00000         0.00000    
     2     122478.       0.81647E-05    0.0000        0.000000     0.00000         0.00000         0.00000    
     3     174544.       0.57292E-05    0.0000        0.000000     0.00000         0.00000         0.00000    
     4     246131.       0.40629E-05    0.0000        0.000000     0.00000         0.00000         0.00000    
     5     300170.       0.33314E-05    0.0000        0.000000     0.00000         0.00000         0.00000    
     6     336339.       0.29732E-05    0.0000        0.000000     0.00000         0.00000         0.00000    



          ***** PARTICIPATION FACTOR CALCULATION *****ROTX DIRECTION
                                                                                  CUMULATIVE
  MODE   FREQUENCY       PERIOD      PARTIC.FACTOR     RATIO    EFFECTIVE MASS   MASS FRACTION

     1     74992.8       0.13335E-04    0.0000        0.000000     0.00000         0.00000    
     2     122478.       0.81647E-05    0.0000        0.000000     0.00000         0.00000    
     3     174544.       0.57292E-05    0.0000        0.000000     0.00000         0.00000    
     4     246131.       0.40629E-05    0.0000        0.000000     0.00000         0.00000    
     5     300170.       0.33314E-05    0.0000        0.000000     0.00000         0.00000    
     6     336339.       0.29732E-05    0.0000        0.000000     0.00000         0.00000    



          ***** PARTICIPATION FACTOR CALCULATION *****ROTY DIRECTION
                                                                                  CUMULATIVE
  MODE   FREQUENCY       PERIOD      PARTIC.FACTOR     RATIO    EFFECTIVE MASS   MASS FRACTION

     1     74992.8       0.13335E-04    0.0000        0.000000     0.00000         0.00000    
     2     122478.       0.81647E-05    0.0000        0.000000     0.00000         0.00000    
     3     174544.       0.57292E-05    0.0000        0.000000     0.00000         0.00000    
     4     246131.       0.40629E-05    0.0000        0.000000     0.00000         0.00000    
     5     300170.       0.33314E-05    0.0000        0.000000     0.00000         0.00000    
     6     336339.       0.29732E-05    0.0000        0.000000     0.00000         0.00000    



          ***** PARTICIPATION FACTOR CALCULATION *****ROTZ DIRECTION
                                                                                  CUMULATIVE
  MODE   FREQUENCY       PERIOD      PARTIC.FACTOR     RATIO    EFFECTIVE MASS   MASS FRACTION

     1     74992.8       0.13335E-04   0.98044E-04    0.598241    0.961268E-08    0.186378    
     2     122478.       0.81647E-05   0.22868E-04    0.139532    0.522928E-09    0.196517    
     3     174544.       0.57292E-05   0.42881E-04    0.261650    0.183880E-08    0.232169    
     4     246131.       0.40629E-05  -0.86210E-04    0.526032    0.743218E-08    0.376270    
     5     300170.       0.33314E-05  -0.16389E-03    1.000000    0.268591E-07    0.897036    
     6     336339.       0.29732E-05  -0.72873E-04    0.444652    0.531047E-08     1.00000    
 ----------------------------------------------------------------------------------------------
   sum                                                            0.515762E-07
 ----------------------------------------------------------------------------------------------





 *** NOTE ***                            CP =       1.594   TIME= 17:58:11
 The modes requested are mass normalized (Nrmkey on MODOPT).  However,   
 the modal masses and kinetic energies below are calculated with unit    
 normalized modes.                                                       

        ***** MODAL MASSES, KINETIC ENERGIES, AND TRANSLATIONAL EFFECTIVE MASSES SUMMARY *****

                                                                         EFFECTIVE MASS
  MODE  FREQUENCY   MODAL MASS     KENE      |      X-DIR      RATIO%   Y-DIR      RATIO%   Z-DIR      RATIO% 
     1  0.7499E+05  0.2090E-19  0.2320E-08   |    0.3736E-04    0.42  0.1093E-15    0.00   0.000        0.00
     2  0.1225E+06  0.1290E-19  0.3821E-08   |    0.2889E-05    0.03   0.000        0.00   0.000        0.00
     3  0.1745E+06  0.2975E-20  0.1789E-08   |    0.6865E-05    0.08   0.000        0.00   0.000        0.00
     4  0.2461E+06  0.3217E-20  0.3847E-08   |    0.3286E-04    0.37   0.000        0.00   0.000        0.00
     5  0.3002E+06  0.1327E-20  0.2359E-08   |    0.4550E-04    0.51   0.000        0.00   0.000        0.00
     6  0.3363E+06  0.1343E-20  0.2998E-08   |    0.4252E-04    0.48   0.000        0.00   0.000        0.00
 --------------------------------------------------------------------------------------------------------------
   sum                                       |    0.1680E-03    1.90  0.1093E-15    0.00   0.000        0.00
 --------------------------------------------------------------------------------------------------------------


 *** MAPDL BINARY FILE STATISTICS
  BUFFER SIZE USED= 16384
        0.188 MB WRITTEN ON ELEMENT SAVED DATA FILE: file0.esav
        0.562 MB WRITTEN ON ASSEMBLED MATRIX FILE: file0.full
        0.125 MB WRITTEN ON MODAL MATRIX FILE: file0.mode
        0.500 MB WRITTEN ON RESULTS FILE: file0.rst
 *************** Write FE CONNECTORS *********

 WRITE OUT CONSTRAINT EQUATIONS TO FILE= file.ce                                                                                                                                                                                                                                                             

 *GET  _NMODALSOLPROC  FROM  ACTI  ITEM=NUMC       VALUE=  2.00000000    

 FINISH SOLUTION PROCESSING


 ***** ROUTINE COMPLETED *****  CP =         1.672



 PRINTOUT RESUMED BY /GOP

 *GET  _WALLASOL  FROM  ACTI  ITEM=TIME WALL  VALUE=  17.9697222    

 *** MAPDL - ENGINEERING ANALYSIS SYSTEM  RELEASE 2023 R1          23.1     ***
 Ansys Mechanical Enterprise Academic Student      
 01055371  VERSION=WINDOWS x64   17:58:11  MAY 15, 2023 CP=      1.688

 test--Modal (E5)                                                              



          ***** MAPDL RESULTS INTERPRETATION (POST1) *****

 *** NOTE ***                            CP =       1.688   TIME= 17:58:11
 Reading results into the database (SET command) will update the current 
 displacement and force boundary conditions in the database with the     
 values from the results file for that load set.  Note that any          
 subsequent solutions will use these values unless action is taken to    
 either SAVE the current values or not overwrite them (/EXIT,NOSAVE).    

 PRINTOUT RESUMED BY /GOP

 Set Encoding of XML File to:ISO-8859-1

 Set Output of XML File to:
     PARM,     ,     ,     ,     ,     ,     ,     ,     ,     ,     ,     ,
         ,     ,     ,     ,     ,     ,     ,

 DATABASE WRITTEN ON FILE  parm.xml                                                                                                                                                                                                                                                            

 EXIT THE MAPDL POST1 DATABASE PROCESSOR


 ***** ROUTINE COMPLETED *****  CP =         1.719



 PRINTOUT RESUMED BY /GOP

 *GET  _WALLDONE  FROM  ACTI  ITEM=TIME WALL  VALUE=  17.9697222    

 PARAMETER _PREPTIME =     0.000000000    

 PARAMETER _SOLVTIME =     1.000000000    

 PARAMETER _POSTTIME =     0.000000000    

 PARAMETER _TOTALTIM =     1.000000000    

 *GET  _DLBRATIO  FROM  ACTI  ITEM=SOLU DLBR  VALUE=  1.01834862    

 *GET  _COMBTIME  FROM  ACTI  ITEM=SOLU COMB  VALUE= 0.236863000E-01

 *GET  _SSMODE   FROM  ACTI  ITEM=SOLU SSMM  VALUE=  2.00000000    

 *GET  _NDOFS    FROM  ACTI  ITEM=SOLU NDOF  VALUE=  2806.00000    

 /FCLEAN COMMAND REMOVING ALL LOCAL FILES
 --- Total number of nodes = 1350
 --- Total number of elements = 486
 --- Element load balance ratio = 1.01834862
 --- Time to combine distributed files = 2.36863E-02
 --- Sparse memory mode = 2
 --- Number of DOF = 2806

 EXIT MAPDL WITHOUT SAVING DATABASE


 NUMBER OF WARNING MESSAGES ENCOUNTERED=          5
 NUMBER OF ERROR   MESSAGES ENCOUNTERED=          0

+--------------------- M A P D L   S T A T I S T I C S ------------------------+

Release: 2023 R1            Build: 23.1       Update: UP20221128   Platform: WINDOWS x64 
Date Run: 05/15/2023   Time: 17:58     Process ID: 6852
Operating System: Windows 10  (Build: 19044)

Processor Model: Intel(R) Core(TM) i7-7500U CPU @ 2.70GHz

Compiler: Intel(R) Fortran Compiler Version 19.0.5  (Build: 20190815)
          Intel(R) C/C++ Compiler Version 19.0.5  (Build: 20190815)
          Intel(R) Math Kernel Library Version 2020.0.0 Product Build 20191125
          BLAS Library supplied by Intel(R) MKL

Number of machines requested            :    1
Total number of cores available         :    4
Number of physical cores available      :    2
Number of processes requested           :    2
Number of threads per process requested :    1
Total number of cores requested         :    2 (Distributed Memory Parallel)               
MPI Type: INTELMPI
MPI Version: Intel(R) MPI Library 2021.5 for Windows* OS


GPU Acceleration: Not Requested

Job Name: file0
Input File: dummy.dat

  Core                Machine Name   Working Directory
 -----------------------------------------------------
     0             DESKTOP-7T7IURO   C:\Users\simon\Desktop\Test Ansys - Copia\_ProjectScratch\Scr6026
     1             DESKTOP-7T7IURO   C:\Users\simon\Desktop\Test Ansys - Copia\_ProjectScratch\Scr6026
 
Latency time from master to core     1 =    8.965 microseconds
 
Communication speed from master to core     1 =   889.00 MB/sec

Total CPU time for main thread                    :        1.8 seconds
Total CPU time summed for all threads             :        2.0 seconds

Elapsed time spent obtaining a license            :        0.4 seconds
Elapsed time spent pre-processing model (/PREP7)  :        0.0 seconds
Elapsed time spent solution - preprocessing       :        0.0 seconds
Elapsed time spent computing solution             :        1.3 seconds
Elapsed time spent solution - postprocessing      :        0.0 seconds
Elapsed time spent post-processing model (/POST1) :        0.0 seconds
 
Eigensolver used                                  :            Block Lanczos

Sum of memory used on all processes               :       80.0 MB
Sum of memory allocated on all processes          :     3136.0 MB
Physical memory available                         :          8 GB

Total amount of I/O written to disk               :        0.0 GB
Total amount of I/O read from disk                :        0.0 GB

+------------------ E N D   M A P D L   S T A T I S T I C S -------------------+


 *-----------------------------------------------------------------------------*
 |                                                                             |
 |                               RUN COMPLETED                                 |
 |                                                                             |
 |-----------------------------------------------------------------------------|
 |                                                                             |
 |  Ansys MAPDL 2023 R1         Build 23.1         UP20221128    WINDOWS x64   |
 |                                                                             |
 |-----------------------------------------------------------------------------|
 |                                                                             |
 |  Database Requested(-db)     1024 MB     Scratch Memory Requested   1024 MB |
 |  Max Database Used(Master)      1 MB     Max Scratch Used(Master)     39 MB |
 |  Max Database Used(Workers)     1 MB     Max Scratch Used(Workers)    39 MB |
 |  Sum Database Used(All)         2 MB     Sum Scratch Used(All)        78 MB |
 |                                                                             |
 |-----------------------------------------------------------------------------|
 |                                                                             |
 |        CP Time      (sec) =          1.984       Time  =  17:58:11          |
 |        Elapsed Time (sec) =          3.000       Date  =  05/15/2023        |
 |                                                                             |
 *-----------------------------------------------------------------------------*
