
 Ansys Mechanical Enterprise Academic Student      


 *------------------------------------------------------------------*
 |                                                                  |
 |   W E L C O M E   T O   T H E   A N S Y S (R)  P R O G R A M     |
 |                                                                  |
 *------------------------------------------------------------------*




 ***************************************************************
 *         ANSYS MAPDL 2023 R1          LEGAL NOTICES          *
 ***************************************************************
 *                                                             *
 * Copyright 1971-2023 Ansys, Inc.  All rights reserved.       *
 * Unauthorized use, distribution or duplication is            *
 * prohibited.                                                 *
 *                                                             *
 * Ansys is a registered trademark of Ansys, Inc. or its       *
 * subsidiaries in the United States or other countries.       *
 * See the Ansys, Inc. online documentation or the Ansys, Inc. *
 * documentation CD or online help for the complete Legal      *
 * Notice.                                                     *
 *                                                             *
 ***************************************************************
 *                                                             *
 * THIS ANSYS SOFTWARE PRODUCT AND PROGRAM DOCUMENTATION       *
 * INCLUDE TRADE SECRETS AND CONFIDENTIAL AND PROPRIETARY      *
 * PRODUCTS OF ANSYS, INC., ITS SUBSIDIARIES, OR LICENSORS.    *
 * The software products and documentation are furnished by    *
 * Ansys, Inc. or its subsidiaries under a software license    *
 * agreement that contains provisions concerning               *
 * non-disclosure, copying, length and nature of use,          *
 * compliance with exporting laws, warranties, disclaimers,    *
 * limitations of liability, and remedies, and other           *
 * provisions.  The software products and documentation may be *
 * used, disclosed, transferred, or copied only in accordance  *
 * with the terms and conditions of that software license      *
 * agreement.                                                  *
 *                                                             *
 * Ansys, Inc. is a UL registered                              *
 * ISO 9001:2015 company.                                      *
 *                                                             *
 ***************************************************************
 *                                                             *
 * This product is subject to U.S. laws governing export and   *
 * re-export.                                                  *
 *                                                             *
 * For U.S. Government users, except as specifically granted   *
 * by the Ansys, Inc. software license agreement, the use,     *
 * duplication, or disclosure by the United States Government  *
 * is subject to restrictions stated in the Ansys, Inc.        *
 * software license agreement and FAR 12.212 (for non-DOD      *
 * licenses).                                                  *
 *                                                             *
 ***************************************************************

 2023 R1 
     
 Point Releases and Patches installed:   
     
 Discovery 2023 R1   
 Autodyn 2023 R1 
 SpaceClaim 2023 R1  
 CFX (includes CFD-Post) 2023 R1 
 Chemkin 2023 R1 
 EnSight 2023 R1 
 FENSAP-ICE 2023 R1  
 Fluent (includes CFD-Post) 2023 R1  
 Polyflow (includes CFD-Post) 2023 R1
 Forte (includes EnSight) 2023 R1
 TurboGrid 2023 R1   
 Aqwa 2023 R1
 Speos 2023 R1   
 Mechanical Products 2023 R1 
 Material Calibration App 2023 R1
 ACIS Geometry Interface 2023 R1 
 AutoCAD Geometry Interface 2023 R1  
 Catia, Version 4 Geometry Interface 2023 R1 
 Catia, Version 5 Geometry Interface 2023 R1 
 Catia, Version 6 Geometry Interface 2023 R1 
 Creo Elements/Direct Modeling Geometry Interface 2023 R1
 Creo Parametric Geometry Interface 2023 R1  
 Inventor Geometry Interface 2023 R1 
 JTOpen Geometry Interface 2023 R1   
 NX Geometry Interface 2023 R1   
 Parasolid Geometry Interface  2023 R1   
 Solid Edge Geometry Interface 2023 R1   
 SOLIDWORKS Geometry Interface 2023 R1   
 Academic Student 2023 R1


          *****  MAPDL COMMAND LINE ARGUMENTS  *****
  BATCH MODE REQUESTED (-b)    = NOLIST
  INPUT FILE COPY MODE (-c)    = COPY
       2 PARALLEL PROCESSES REQUESTED WITH SINGLE THREAD PER PROCESS
    TOTAL OF     2 CORES REQUESTED
  INPUT FILE NAME              = C:\Users\simon\Desktop\Test Ansys - Copia\test_files\dp0\SYS-7\MECH\PiezoImpedancePlot193_Post.inp
  OUTPUT FILE NAME             = C:\Users\simon\Desktop\Test Ansys - Copia\test_files\dp0\SYS-7\MECH\PiezoImpedancePlot193_Post.out

 RELEASE= 2023 R1              BUILD= 23.1      UP20221128   VERSION=WINDOWS x64 
 CURRENT JOBNAME=file0  16:58:43  MAY 15, 2023 CP=      0.078


 RUN SETUP PROCEDURE FROM FILE= C:\Program Files\ANSYS Inc\ANSYS Student\v231\ANSYS\apdl\start.ans

 /INPUT FILE= C:\Program Files\ANSYS Inc\ANSYS Student\v231\ANSYS\apdl\start.ans  LINE=       0
  
 ***********  PiezoImpedancePlot193 ***********
  

 CURRENT JOBNAME REDEFINED AS FILE

 RESUME ANSYS DATA FROM FILE NAME=FILE.DB                                                                                                                                                                                                                                                             

 *** MAPDL GLOBAL STATUS *** 

 TITLE = test--Harmonic Response (L5)                                          
 ANALYSIS TYPE =  HARMONIC             
        10 ELEM TYPES DEFINED    MAX ELEM TYPE NUMBER =            10
       350 ELEMENTS DEFINED      MAX ELEMENT NUMBER =             350
       934 NODES DEFINED         MAX NODE NUMBER =                934
         4 MATERIALS DEFINED     MAX MATERIAL NUMBER =              4
         6 REAL CONSTS DEFINED   MAX REAL CONST NUMBER =           10
         0 SECTIONS DEFINED      MAX SECTION NUMBER =               0
         0 COORD SYS DEFINED     MAX COORD SYS NUMBER =             0
         3 COUPLING EQNS DEFINED MAX COUPLING EQN NUMBER =          3
 
 ACTIVE COORDINATE SYSTEM             =          0  (CARTESIAN)
 NUMBER OF DEFINED NODAL CONSTRAINTS  =          3
 NUMBER OF DEFINED NODAL LOADS        =          0
 NUMBER OF DEFINED COMPONENTS         =          6
 NUMBER OF DEFINED ELEM SURFACE LOADS =          0
 NUMBER OF DEFINED ELEM BODY LOADS    =          0
 NUMBER OF DEFINED NODE BODY FORCES   =          0
 CURRENT LOAD CASE =      0 OF      0
 LOAD SET   =       1
 SUBSTEP    =     300
 TIME/FREQ  =    0.0000    

 INITIAL JOBNAME = file
 CURRENT JOBNAME = FILE
 CMBLOCK read of NODE component PIEZOIMPEDANCEPLOT193  completed

 *** MAPDL - ENGINEERING ANALYSIS SYSTEM  RELEASE 2023 R1          23.1     ***
 Ansys Mechanical Enterprise Academic Student      
 01055371  VERSION=WINDOWS x64   16:58:43  MAY 15, 2023 CP=      0.250

 test--Harmonic Response (L5)                                                  




          ***** TIME-HISTORY POSTPROCESSOR (POST26) *****

 ALL POST26 SPECIFICATIONS ARE RESET TO INITIAL DEFAULTS

 MAXIMUM NUMBER OF VARIABLES=200

 VARIABLE191 IS ITEM= NCMI  COMP=       NAME= NCMI     FROM LOAD SET SUMMARY 

 STORAGE COMPLETE FOR    300 DATA POINTS 

         SUMMARY OF VARIABLES STORED THIS STEP AND EXTREME VALUES
 VARI TYPE    IDENTIFIERS   NAME     MINIMUM    AT FREQ     MAXIMUM    AT FREQ

 191 SOLU     0 NCMI      NCMI       1.000      0.1001E+006  300.0      0.1400E+006

 VARIABLE 191 IS A FILL FROM    1 TO  300 BY    1
  STARTING WITH  1.000000      AND INCREMENTING BY  1.000000    

 VARIABLE 191  IS THE REAL PART OF
     (  1.0000    ,  0.0000    )  TIMES VARIABLE 191
 RESULT VARIABLE NAME = 191     

 NUMBER OF LINES PER PAGE SET TO   99999

 SELECT      COMPONENT PIEZOIMPEDANCEPLOT193                                                                                                                                                                                                                                           

 PARAMETER NODEID =     1.000000000    

 VARIABLE  2 IS REACTION FORCE       1 CHRG  CHRG    

 STORAGE COMPLETE FOR    300 DATA POINTS 

         SUMMARY OF VARIABLES STORED THIS STEP AND EXTREME VALUES
 VARI TYPE    IDENTIFIERS   NAME     MINIMUM    AT FREQ     MAXIMUM    AT FREQ

   2 RFOR     1 CHRG      CHRG     -0.1443E-005 0.1300E+006 0.2636E-006 0.1301E+006

 COMPLEX LOAD FACTORS  CFACT1=  0.0000      6.2832    
                       CFACT2= -1.0000      0.0000    
                       CFACT3=  0.0000      0.0000    

 VARIABLE   3
      IS (  0.0000    ,  6.2832    )  TIMES VARIABLE   1
   TIMES ( -1.0000    ,  0.0000    )  TIMES VARIABLE   2
   TIMES (  0.0000    ,  0.0000    )  TIMES VARIABLE   0
 RESULT VARIABLE NAME = CURRENT 

 VARIABLE  4  IS AT NODE       1  ITEM= VOLT COMP=       NAME= VOLT    

 STORAGE COMPLETE FOR    300 DATA POINTS 

         SUMMARY OF VARIABLES STORED THIS STEP AND EXTREME VALUES
 VARI TYPE    IDENTIFIERS   NAME     MINIMUM    AT FREQ     MAXIMUM    AT FREQ

   4 NSOL     1 VOLT      VOLT       5.000      0.1001E+006  5.000      0.1001E+006

 VARIABLE   5
           IS (  1.0000    ,  0.0000    )  TIMES VARIABLE   4
   DIVIDED BY (  1.0000    ,  0.0000    )  TIMES VARIABLE   3
 RESULT VARIABLE NAME = IMPD    

 VARIABLE   6  IS THE REAL PART OF
     (  1.0000    ,  0.0000    )  TIMES VARIABLE   5
 RESULT VARIABLE NAME = IMPD_REAL

 VARIABLE   7  IS THE IMAGINARY PART OF
     (  1.0000    ,  0.0000    )  TIMES VARIABLE   5
 RESULT VARIABLE NAME = IMPD_IMAG

 /OUTPUT FILE= PiezoImpedancePlot193.txt


 ***** ROUTINE COMPLETED *****  CP =         0.406



 EXIT MAPDL WITHOUT SAVING DATABASE


 NUMBER OF WARNING MESSAGES ENCOUNTERED=          0
 NUMBER OF ERROR   MESSAGES ENCOUNTERED=          0

+--------------------- M A P D L   S T A T I S T I C S ------------------------+

Release: 2023 R1            Build: 23.1       Update: UP20221128   Platform: WINDOWS x64 
Date Run: 05/15/2023   Time: 16:58     Process ID: 11572
Operating System: Windows 10  (Build: 19044)

Processor Model: Intel(R) Core(TM) i7-7500U CPU @ 2.70GHz

Compiler: Intel(R) Fortran Compiler Version 19.0.5  (Build: 20190815)
          Intel(R) C/C++ Compiler Version 19.0.5  (Build: 20190815)
          Intel(R) Math Kernel Library Version 2020.0.0 Product Build 20191125
          BLAS Library supplied by Intel(R) MKL

Number of machines requested            :    1
Total number of cores available         :    4
Number of physical cores available      :    2
Number of processes requested           :    2
Number of threads per process requested :    1
Total number of cores requested         :    2 (Distributed Memory Parallel)               
MPI Type: INTELMPI
MPI Version: Intel(R) MPI Library 2021.5 for Windows* OS


GPU Acceleration: Not Requested

Job Name: FILE0
Input File: PiezoImpedancePlot193_Post.inp

  Core                Machine Name   Working Directory
 -----------------------------------------------------
     0             DESKTOP-7T7IURO   C:\Users\simon\Desktop\Test Ansys - Copia\test_files\dp0\SYS-7\MECH
     1             DESKTOP-7T7IURO   C:\Users\simon\Desktop\Test Ansys - Copia\test_files\dp0\SYS-7\MECH
 
Latency time from master to core     1 =   15.210 microseconds
 
Communication speed from master to core     1 =  1837.66 MB/sec

Total CPU time for main thread                    :        0.5 seconds
Total CPU time summed for all threads             :        0.6 seconds

Elapsed time spent obtaining a license            :        0.4 seconds
Elapsed time spent pre-processing model (/PREP7)  :        0.0 seconds
Elapsed time spent solution - preprocessing       :        0.0 seconds
Elapsed time spent computing solution             :        0.0 seconds
Elapsed time spent solution - postprocessing      :        0.0 seconds
Elapsed time spent post-processing model (/POST1) :        0.0 seconds
Elapsed time spent post-processing model (/POST26):        0.1 seconds
 

Sum of memory used on all processes               :       15.0 MB
Sum of memory allocated on all processes          :     3136.0 MB
Physical memory available                         :          8 GB

Total amount of I/O written to disk               :        0.0 GB
Total amount of I/O read from disk                :        0.1 GB

+------------------ E N D   M A P D L   S T A T I S T I C S -------------------+


 *-----------------------------------------------------------------------------*
 |                                                                             |
 |                               RUN COMPLETED                                 |
 |                                                                             |
 |-----------------------------------------------------------------------------|
 |                                                                             |
 |  Ansys MAPDL 2023 R1         Build 23.1         UP20221128    WINDOWS x64   |
 |                                                                             |
 |-----------------------------------------------------------------------------|
 |                                                                             |
 |  Database Requested(-db)     1024 MB     Scratch Memory Requested   1024 MB |
 |  Max Database Used(Master)      1 MB     Max Scratch Used(Master)      9 MB |
 |  Max Database Used(Workers)     1 MB     Max Scratch Used(Workers)     4 MB |
 |  Sum Database Used(All)         2 MB     Sum Scratch Used(All)        13 MB |
 |                                                                             |
 |-----------------------------------------------------------------------------|
 |                                                                             |
 |        CP Time      (sec) =          0.562       Time  =  16:58:44          |
 |        Elapsed Time (sec) =          2.000       Date  =  05/15/2023        |
 |                                                                             |
 *-----------------------------------------------------------------------------*
